2025-04-04 11:02:48,461 - INFO - === Inicio del proceso ===
2025-04-04 11:02:48,463 - INFO - Procesando datos para 2025-04-03
2025-04-04 11:02:48,964 - INFO - Depósito creado exitosamente. ID: 15147520
2025-04-04 11:02:48,966 - INFO - Procesando productos VJ...
2025-04-04 11:02:48,971 - INFO - Procesando producto: VJ102IMG
2025-04-04 11:02:51,014 - INFO - Descargando VJ102IMG.A2025093.0000.021.2025093163333.nc...
2025-04-04 11:03:07,219 - INFO - Archivo no válido: VJ102IMG.A2025093.0000.021.2025093163333.nc
2025-04-04 11:03:07,220 - ERROR - Error al validar VJ102IMG.A2025093.0000.021.2025093163333.nc: [WinError 32] El proceso no tiene acceso al archivo porque está siendo utilizado por otro proceso: './00_data/raw/data_VJ/2025_093\\VJ102IMG.A2025093.0000.021.2025093163333.nc'
2025-04-04 11:03:07,231 - INFO - Descargando VJ102IMG.A2025093.0006.021.2025093070024.nc...
2025-04-04 11:03:19,233 - INFO - Archivo no válido: VJ102IMG.A2025093.0006.021.2025093070024.nc
2025-04-04 11:03:19,233 - ERROR - Error al validar VJ102IMG.A2025093.0006.021.2025093070024.nc: [WinError 32] El proceso no tiene acceso al archivo porque está siendo utilizado por otro proceso: './00_data/raw/data_VJ/2025_093\\VJ102IMG.A2025093.0006.021.2025093070024.nc'
2025-04-04 11:03:19,246 - INFO - Descargando VJ102IMG.A2025093.0012.021.2025093070018.nc...
2025-04-04 11:03:26,093 - INFO - Archivo no válido: VJ102IMG.A2025093.0012.021.2025093070018.nc
2025-04-04 11:03:26,093 - ERROR - Error al validar VJ102IMG.A2025093.0012.021.2025093070018.nc: [WinError 32] El proceso no tiene acceso al archivo porque está siendo utilizado por otro proceso: './00_data/raw/data_VJ/2025_093\\VJ102IMG.A2025093.0012.021.2025093070018.nc'
2025-04-04 11:03:26,106 - INFO - Descargando VJ102IMG.A2025093.0018.021.2025093070021.nc...
2025-04-04 11:03:33,984 - INFO - Archivo no válido: VJ102IMG.A2025093.0018.021.2025093070021.nc
2025-04-04 11:03:33,985 - ERROR - Error al validar VJ102IMG.A2025093.0018.021.2025093070021.nc: [WinError 32] El proceso no tiene acceso al archivo porque está siendo utilizado por otro proceso: './00_data/raw/data_VJ/2025_093\\VJ102IMG.A2025093.0018.021.2025093070021.nc'
2025-04-04 11:03:33,996 - INFO - Descargando VJ102IMG.A2025093.0024.021.2025093070016.nc...
2025-04-04 11:03:51,910 - INFO - Archivo no válido: VJ102IMG.A2025093.0024.021.2025093070016.nc
2025-04-04 11:03:51,910 - ERROR - Error al validar VJ102IMG.A2025093.0024.021.2025093070016.nc: [WinError 32] El proceso no tiene acceso al archivo porque está siendo utilizado por otro proceso: './00_data/raw/data_VJ/2025_093\\VJ102IMG.A2025093.0024.021.2025093070016.nc'
2025-04-04 11:03:51,942 - INFO - Descargando VJ102IMG.A2025093.0030.021.2025093070019.nc...
2025-04-04 11:04:18,739 - INFO - Archivo no válido: VJ102IMG.A2025093.0030.021.2025093070019.nc
2025-04-04 11:04:18,740 - ERROR - Error al validar VJ102IMG.A2025093.0030.021.2025093070019.nc: [WinError 32] El proceso no tiene acceso al archivo porque está siendo utilizado por otro proceso: './00_data/raw/data_VJ/2025_093\\VJ102IMG.A2025093.0030.021.2025093070019.nc'
2025-04-04 11:04:18,763 - INFO - Descargando VJ102IMG.A2025093.0036.021.2025093065051.nc...
2025-04-04 11:04:39,710 - INFO - Archivo no válido: VJ102IMG.A2025093.0036.021.2025093065051.nc
2025-04-04 11:04:39,711 - ERROR - Error al validar VJ102IMG.A2025093.0036.021.2025093065051.nc: [WinError 32] El proceso no tiene acceso al archivo porque está siendo utilizado por otro proceso: './00_data/raw/data_VJ/2025_093\\VJ102IMG.A2025093.0036.021.2025093065051.nc'
2025-04-04 11:04:39,745 - INFO - Descargando VJ102IMG.A2025093.0042.021.2025093065112.nc...
2025-04-04 11:05:05,700 - INFO - Archivo no válido: VJ102IMG.A2025093.0042.021.2025093065112.nc
2025-04-04 11:05:05,706 - ERROR - Error al validar VJ102IMG.A2025093.0042.021.2025093065112.nc: [WinError 32] El proceso no tiene acceso al archivo porque está siendo utilizado por otro proceso: './00_data/raw/data_VJ/2025_093\\VJ102IMG.A2025093.0042.021.2025093065112.nc'
2025-04-04 11:05:05,893 - INFO - Descargando VJ102IMG.A2025093.0048.021.2025093065053.nc...
2025-04-04 11:05:32,310 - INFO - Archivo no válido: VJ102IMG.A2025093.0048.021.2025093065053.nc
2025-04-04 11:05:32,312 - ERROR - Error al validar VJ102IMG.A2025093.0048.021.2025093065053.nc: [WinError 32] El proceso no tiene acceso al archivo porque está siendo utilizado por otro proceso: './00_data/raw/data_VJ/2025_093\\VJ102IMG.A2025093.0048.021.2025093065053.nc'
2025-04-04 11:05:32,409 - INFO - Descargando VJ102IMG.A2025093.0054.021.2025093065051.nc...
2025-04-04 11:05:56,668 - INFO - Archivo no válido: VJ102IMG.A2025093.0054.021.2025093065051.nc
2025-04-04 11:05:56,675 - ERROR - Error al validar VJ102IMG.A2025093.0054.021.2025093065051.nc: [WinError 32] El proceso no tiene acceso al archivo porque está siendo utilizado por otro proceso: './00_data/raw/data_VJ/2025_093\\VJ102IMG.A2025093.0054.021.2025093065051.nc'
2025-04-04 11:05:56,901 - INFO - Descargando VJ102IMG.A2025093.0100.021.2025093065059.nc...
2025-04-04 11:06:04,111 - ERROR - Error al descargar VJ102IMG.A2025093.0100.021.2025093065059.nc: 401
2025-04-04 11:06:04,112 - INFO - Descargando VJ102IMG.A2025093.0106.021.2025093065136.nc...
2025-04-04 11:06:19,173 - INFO - Archivo no válido: VJ102IMG.A2025093.0106.021.2025093065136.nc
2025-04-04 11:06:19,177 - ERROR - Error al validar VJ102IMG.A2025093.0106.021.2025093065136.nc: [WinError 32] El proceso no tiene acceso al archivo porque está siendo utilizado por otro proceso: './00_data/raw/data_VJ/2025_093\\VJ102IMG.A2025093.0106.021.2025093065136.nc'
2025-04-04 11:06:19,261 - INFO - Descargando VJ102IMG.A2025093.0112.021.2025093065121.nc...
2025-04-04 11:06:41,839 - INFO - Archivo no válido: VJ102IMG.A2025093.0112.021.2025093065121.nc
2025-04-04 11:06:41,840 - ERROR - Error al validar VJ102IMG.A2025093.0112.021.2025093065121.nc: [WinError 32] El proceso no tiene acceso al archivo porque está siendo utilizado por otro proceso: './00_data/raw/data_VJ/2025_093\\VJ102IMG.A2025093.0112.021.2025093065121.nc'
2025-04-04 11:06:41,861 - INFO - Descargando VJ102IMG.A2025093.0118.021.2025093065211.nc...
2025-04-04 11:06:49,897 - INFO - Archivo no válido: VJ102IMG.A2025093.0118.021.2025093065211.nc
2025-04-04 11:06:49,904 - ERROR - Error al validar VJ102IMG.A2025093.0118.021.2025093065211.nc: [WinError 32] El proceso no tiene acceso al archivo porque está siendo utilizado por otro proceso: './00_data/raw/data_VJ/2025_093\\VJ102IMG.A2025093.0118.021.2025093065211.nc'
2025-04-04 11:06:49,956 - INFO - Descargando VJ102IMG.A2025093.0124.021.2025093065140.nc...
2025-04-04 11:07:08,939 - INFO - Archivo no válido: VJ102IMG.A2025093.0124.021.2025093065140.nc
2025-04-04 11:07:08,948 - ERROR - Error al validar VJ102IMG.A2025093.0124.021.2025093065140.nc: [WinError 32] El proceso no tiene acceso al archivo porque está siendo utilizado por otro proceso: './00_data/raw/data_VJ/2025_093\\VJ102IMG.A2025093.0124.021.2025093065140.nc'
2025-04-04 11:07:09,056 - INFO - Descargando VJ102IMG.A2025093.0130.021.2025093065102.nc...
2025-04-04 11:07:20,183 - INFO - Archivo no válido: VJ102IMG.A2025093.0130.021.2025093065102.nc
2025-04-04 11:07:20,184 - ERROR - Error al validar VJ102IMG.A2025093.0130.021.2025093065102.nc: [WinError 32] El proceso no tiene acceso al archivo porque está siendo utilizado por otro proceso: './00_data/raw/data_VJ/2025_093\\VJ102IMG.A2025093.0130.021.2025093065102.nc'
2025-04-04 11:07:20,198 - INFO - Descargando VJ102IMG.A2025093.0136.021.2025093065054.nc...
2025-04-04 11:07:31,486 - INFO - Archivo no válido: VJ102IMG.A2025093.0136.021.2025093065054.nc
2025-04-04 11:07:31,486 - ERROR - Error al validar VJ102IMG.A2025093.0136.021.2025093065054.nc: [WinError 32] El proceso no tiene acceso al archivo porque está siendo utilizado por otro proceso: './00_data/raw/data_VJ/2025_093\\VJ102IMG.A2025093.0136.021.2025093065054.nc'
2025-04-04 11:07:31,498 - INFO - Descargando VJ102IMG.A2025093.0142.021.2025093065050.nc...
2025-04-04 11:07:45,027 - INFO - Archivo no válido: VJ102IMG.A2025093.0142.021.2025093065050.nc
2025-04-04 11:07:45,028 - ERROR - Error al validar VJ102IMG.A2025093.0142.021.2025093065050.nc: [WinError 32] El proceso no tiene acceso al archivo porque está siendo utilizado por otro proceso: './00_data/raw/data_VJ/2025_093\\VJ102IMG.A2025093.0142.021.2025093065050.nc'
2025-04-04 11:07:45,042 - INFO - Descargando VJ102IMG.A2025093.0148.021.2025093085120.nc...
2025-04-04 11:07:53,930 - INFO - Archivo no válido: VJ102IMG.A2025093.0148.021.2025093085120.nc
2025-04-04 11:07:53,930 - ERROR - Error al validar VJ102IMG.A2025093.0148.021.2025093085120.nc: [WinError 32] El proceso no tiene acceso al archivo porque está siendo utilizado por otro proceso: './00_data/raw/data_VJ/2025_093\\VJ102IMG.A2025093.0148.021.2025093085120.nc'
2025-04-04 11:07:53,942 - INFO - Descargando VJ102IMG.A2025093.0154.021.2025093095225.nc...
2025-04-04 11:08:08,506 - INFO - Archivo no válido: VJ102IMG.A2025093.0154.021.2025093095225.nc
2025-04-04 11:08:08,506 - ERROR - Error al validar VJ102IMG.A2025093.0154.021.2025093095225.nc: [WinError 32] El proceso no tiene acceso al archivo porque está siendo utilizado por otro proceso: './00_data/raw/data_VJ/2025_093\\VJ102IMG.A2025093.0154.021.2025093095225.nc'
2025-04-04 11:08:08,517 - INFO - Descargando VJ102IMG.A2025093.0200.021.2025093100119.nc...
2025-04-04 11:08:16,147 - INFO - Archivo no válido: VJ102IMG.A2025093.0200.021.2025093100119.nc
2025-04-04 11:08:16,148 - ERROR - Error al validar VJ102IMG.A2025093.0200.021.2025093100119.nc: [WinError 32] El proceso no tiene acceso al archivo porque está siendo utilizado por otro proceso: './00_data/raw/data_VJ/2025_093\\VJ102IMG.A2025093.0200.021.2025093100119.nc'
2025-04-04 11:08:16,162 - INFO - Descargando VJ102IMG.A2025093.0206.021.2025093095221.nc...
2025-04-04 11:09:11,243 - INFO - Archivo no válido: VJ102IMG.A2025093.0206.021.2025093095221.nc
2025-04-04 11:09:11,244 - ERROR - Error al validar VJ102IMG.A2025093.0206.021.2025093095221.nc: [WinError 32] El proceso no tiene acceso al archivo porque está siendo utilizado por otro proceso: './00_data/raw/data_VJ/2025_093\\VJ102IMG.A2025093.0206.021.2025093095221.nc'
2025-04-04 11:09:11,304 - INFO - Descargando VJ102IMG.A2025093.0212.021.2025093095230.nc...
2025-04-04 11:10:00,914 - INFO - Archivo no válido: VJ102IMG.A2025093.0212.021.2025093095230.nc
2025-04-04 11:10:00,915 - ERROR - Error al validar VJ102IMG.A2025093.0212.021.2025093095230.nc: [WinError 32] El proceso no tiene acceso al archivo porque está siendo utilizado por otro proceso: './00_data/raw/data_VJ/2025_093\\VJ102IMG.A2025093.0212.021.2025093095230.nc'
2025-04-04 11:10:00,943 - INFO - Descargando VJ102IMG.A2025093.0218.021.2025093095232.nc...
2025-04-04 11:10:29,560 - INFO - Archivo no válido: VJ102IMG.A2025093.0218.021.2025093095232.nc
2025-04-04 11:10:29,561 - ERROR - Error al validar VJ102IMG.A2025093.0218.021.2025093095232.nc: [WinError 32] El proceso no tiene acceso al archivo porque está siendo utilizado por otro proceso: './00_data/raw/data_VJ/2025_093\\VJ102IMG.A2025093.0218.021.2025093095232.nc'
2025-04-04 11:10:29,591 - INFO - Descargando VJ102IMG.A2025093.0224.021.2025093095234.nc...
2025-04-04 11:11:04,840 - INFO - Archivo no válido: VJ102IMG.A2025093.0224.021.2025093095234.nc
2025-04-04 11:11:04,840 - ERROR - Error al validar VJ102IMG.A2025093.0224.021.2025093095234.nc: [WinError 32] El proceso no tiene acceso al archivo porque está siendo utilizado por otro proceso: './00_data/raw/data_VJ/2025_093\\VJ102IMG.A2025093.0224.021.2025093095234.nc'
2025-04-04 11:11:04,868 - INFO - Descargando VJ102IMG.A2025093.0230.021.2025093095222.nc...
2025-04-04 11:11:24,054 - INFO - Archivo no válido: VJ102IMG.A2025093.0230.021.2025093095222.nc
2025-04-04 11:11:24,055 - ERROR - Error al validar VJ102IMG.A2025093.0230.021.2025093095222.nc: [WinError 32] El proceso no tiene acceso al archivo porque está siendo utilizado por otro proceso: './00_data/raw/data_VJ/2025_093\\VJ102IMG.A2025093.0230.021.2025093095222.nc'
2025-04-04 11:11:24,083 - INFO - Descargando VJ102IMG.A2025093.0236.021.2025093100203.nc...
2025-04-04 11:11:54,363 - INFO - Archivo no válido: VJ102IMG.A2025093.0236.021.2025093100203.nc
2025-04-04 11:11:54,364 - ERROR - Error al validar VJ102IMG.A2025093.0236.021.2025093100203.nc: [WinError 32] El proceso no tiene acceso al archivo porque está siendo utilizado por otro proceso: './00_data/raw/data_VJ/2025_093\\VJ102IMG.A2025093.0236.021.2025093100203.nc'
2025-04-04 11:11:54,400 - INFO - Descargando VJ102IMG.A2025093.0242.021.2025093100126.nc...
2025-04-04 11:12:22,618 - INFO - Archivo no válido: VJ102IMG.A2025093.0242.021.2025093100126.nc
2025-04-04 11:12:22,618 - ERROR - Error al validar VJ102IMG.A2025093.0242.021.2025093100126.nc: [WinError 32] El proceso no tiene acceso al archivo porque está siendo utilizado por otro proceso: './00_data/raw/data_VJ/2025_093\\VJ102IMG.A2025093.0242.021.2025093100126.nc'
2025-04-04 11:12:22,648 - INFO - Descargando VJ102IMG.A2025093.0248.021.2025093100211.nc...
2025-04-04 11:12:45,708 - INFO - Archivo no válido: VJ102IMG.A2025093.0248.021.2025093100211.nc
2025-04-04 11:12:45,708 - ERROR - Error al validar VJ102IMG.A2025093.0248.021.2025093100211.nc: [WinError 32] El proceso no tiene acceso al archivo porque está siendo utilizado por otro proceso: './00_data/raw/data_VJ/2025_093\\VJ102IMG.A2025093.0248.021.2025093100211.nc'
2025-04-04 11:12:45,738 - INFO - Descargando VJ102IMG.A2025093.0254.021.2025093095320.nc...
2025-04-04 11:13:04,368 - INFO - Archivo no válido: VJ102IMG.A2025093.0254.021.2025093095320.nc
2025-04-04 11:13:04,368 - ERROR - Error al validar VJ102IMG.A2025093.0254.021.2025093095320.nc: [WinError 32] El proceso no tiene acceso al archivo porque está siendo utilizado por otro proceso: './00_data/raw/data_VJ/2025_093\\VJ102IMG.A2025093.0254.021.2025093095320.nc'
2025-04-04 11:13:04,385 - INFO - Descargando VJ102IMG.A2025093.0300.021.2025093095313.nc...
2025-04-04 11:13:05,466 - ERROR - Error al descargar VJ102IMG.A2025093.0300.021.2025093095313.nc: 502
2025-04-04 11:13:05,468 - INFO - Descargando VJ102IMG.A2025093.0306.021.2025093100138.nc...
2025-04-04 11:13:17,990 - INFO - Archivo válido: VJ102IMG.A2025093.0306.021.2025093100138.nc
2025-04-04 11:13:17,991 - INFO - Descargando VJ102IMG.A2025093.0312.021.2025093095225.nc...
2025-04-04 11:13:27,101 - INFO - Archivo no válido: VJ102IMG.A2025093.0312.021.2025093095225.nc
2025-04-04 11:13:27,102 - ERROR - Error al validar VJ102IMG.A2025093.0312.021.2025093095225.nc: [WinError 32] El proceso no tiene acceso al archivo porque está siendo utilizado por otro proceso: './00_data/raw/data_VJ/2025_093\\VJ102IMG.A2025093.0312.021.2025093095225.nc'
2025-04-04 11:13:27,115 - INFO - Descargando VJ102IMG.A2025093.0318.021.2025093100131.nc...
2025-04-04 11:13:38,782 - INFO - Archivo no válido: VJ102IMG.A2025093.0318.021.2025093100131.nc
2025-04-04 11:13:38,782 - ERROR - Error al validar VJ102IMG.A2025093.0318.021.2025093100131.nc: [WinError 32] El proceso no tiene acceso al archivo porque está siendo utilizado por otro proceso: './00_data/raw/data_VJ/2025_093\\VJ102IMG.A2025093.0318.021.2025093100131.nc'
2025-04-04 11:13:38,795 - INFO - Descargando VJ102IMG.A2025093.0324.021.2025093095224.nc...
2025-04-04 11:13:58,715 - INFO - Archivo no válido: VJ102IMG.A2025093.0324.021.2025093095224.nc
2025-04-04 11:13:58,715 - ERROR - Error al validar VJ102IMG.A2025093.0324.021.2025093095224.nc: [WinError 32] El proceso no tiene acceso al archivo porque está siendo utilizado por otro proceso: './00_data/raw/data_VJ/2025_093\\VJ102IMG.A2025093.0324.021.2025093095224.nc'
2025-04-04 11:13:58,726 - INFO - Descargando VJ102IMG.A2025093.0330.021.2025093095240.nc...
2025-04-04 11:14:06,505 - INFO - Archivo no válido: VJ102IMG.A2025093.0330.021.2025093095240.nc
2025-04-04 11:14:06,506 - ERROR - Error al validar VJ102IMG.A2025093.0330.021.2025093095240.nc: [WinError 32] El proceso no tiene acceso al archivo porque está siendo utilizado por otro proceso: './00_data/raw/data_VJ/2025_093\\VJ102IMG.A2025093.0330.021.2025093095240.nc'
2025-04-04 11:14:06,520 - INFO - Descargando VJ102IMG.A2025093.0336.021.2025093100125.nc...
2025-04-04 11:14:14,424 - INFO - Archivo no válido: VJ102IMG.A2025093.0336.021.2025093100125.nc
2025-04-04 11:14:14,425 - ERROR - Error al validar VJ102IMG.A2025093.0336.021.2025093100125.nc: [WinError 32] El proceso no tiene acceso al archivo porque está siendo utilizado por otro proceso: './00_data/raw/data_VJ/2025_093\\VJ102IMG.A2025093.0336.021.2025093100125.nc'
2025-04-04 11:14:14,440 - INFO - Descargando VJ102IMG.A2025093.0342.021.2025093100122.nc...
2025-04-04 11:14:23,813 - INFO - Archivo no válido: VJ102IMG.A2025093.0342.021.2025093100122.nc
2025-04-04 11:14:23,814 - ERROR - Error al validar VJ102IMG.A2025093.0342.021.2025093100122.nc: [WinError 32] El proceso no tiene acceso al archivo porque está siendo utilizado por otro proceso: './00_data/raw/data_VJ/2025_093\\VJ102IMG.A2025093.0342.021.2025093100122.nc'
2025-04-04 11:14:23,834 - INFO - Descargando VJ102IMG.A2025093.0348.021.2025093101748.nc...
2025-04-04 11:14:46,369 - INFO - Archivo no válido: VJ102IMG.A2025093.0348.021.2025093101748.nc
2025-04-04 11:14:46,370 - ERROR - Error al validar VJ102IMG.A2025093.0348.021.2025093101748.nc: [WinError 32] El proceso no tiene acceso al archivo porque está siendo utilizado por otro proceso: './00_data/raw/data_VJ/2025_093\\VJ102IMG.A2025093.0348.021.2025093101748.nc'
2025-04-04 11:14:46,395 - INFO - Descargando VJ102IMG.A2025093.0354.021.2025093105401.nc...
2025-04-04 11:14:55,600 - ERROR - Error al descargar VJ102IMG.A2025093.0354.021.2025093105401.nc: 401
2025-04-04 11:14:55,600 - INFO - Descargando VJ102IMG.A2025093.0400.021.2025093105348.nc...
2025-04-04 11:15:16,535 - INFO - Archivo no válido: VJ102IMG.A2025093.0400.021.2025093105348.nc
2025-04-04 11:15:16,536 - ERROR - Error al validar VJ102IMG.A2025093.0400.021.2025093105348.nc: [WinError 32] El proceso no tiene acceso al archivo porque está siendo utilizado por otro proceso: './00_data/raw/data_VJ/2025_093\\VJ102IMG.A2025093.0400.021.2025093105348.nc'
2025-04-04 11:15:16,602 - INFO - Descargando VJ102IMG.A2025093.0406.021.2025093105332.nc...
2025-04-04 11:16:11,135 - INFO - Archivo no válido: VJ102IMG.A2025093.0406.021.2025093105332.nc
2025-04-04 11:16:11,135 - ERROR - Error al validar VJ102IMG.A2025093.0406.021.2025093105332.nc: [WinError 32] El proceso no tiene acceso al archivo porque está siendo utilizado por otro proceso: './00_data/raw/data_VJ/2025_093\\VJ102IMG.A2025093.0406.021.2025093105332.nc'
2025-04-04 11:16:11,162 - INFO - Descargando VJ102IMG.A2025093.0412.021.2025093105334.nc...
2025-04-04 11:16:38,243 - INFO - Archivo no válido: VJ102IMG.A2025093.0412.021.2025093105334.nc
2025-04-04 11:16:38,244 - ERROR - Error al validar VJ102IMG.A2025093.0412.021.2025093105334.nc: [WinError 32] El proceso no tiene acceso al archivo porque está siendo utilizado por otro proceso: './00_data/raw/data_VJ/2025_093\\VJ102IMG.A2025093.0412.021.2025093105334.nc'
2025-04-04 11:16:38,268 - INFO - Descargando VJ102IMG.A2025093.0418.021.2025093105357.nc...
2025-04-04 11:17:18,025 - INFO - Archivo no válido: VJ102IMG.A2025093.0418.021.2025093105357.nc
2025-04-04 11:17:18,025 - ERROR - Error al validar VJ102IMG.A2025093.0418.021.2025093105357.nc: [WinError 32] El proceso no tiene acceso al archivo porque está siendo utilizado por otro proceso: './00_data/raw/data_VJ/2025_093\\VJ102IMG.A2025093.0418.021.2025093105357.nc'
2025-04-04 11:17:18,052 - INFO - Descargando VJ102IMG.A2025093.0424.021.2025093105340.nc...
2025-04-04 11:17:43,314 - INFO - Archivo no válido: VJ102IMG.A2025093.0424.021.2025093105340.nc
2025-04-04 11:17:43,314 - ERROR - Error al validar VJ102IMG.A2025093.0424.021.2025093105340.nc: [WinError 32] El proceso no tiene acceso al archivo porque está siendo utilizado por otro proceso: './00_data/raw/data_VJ/2025_093\\VJ102IMG.A2025093.0424.021.2025093105340.nc'
2025-04-04 11:17:43,339 - INFO - Descargando VJ102IMG.A2025093.0430.021.2025093110251.nc...
2025-04-04 11:17:44,195 - ERROR - Error al descargar VJ102IMG.A2025093.0430.021.2025093110251.nc: 502
2025-04-04 11:17:44,195 - INFO - Descargando VJ102IMG.A2025093.0436.021.2025093105404.nc...
2025-04-04 11:17:55,940 - INFO - Archivo no válido: VJ102IMG.A2025093.0436.021.2025093105404.nc
2025-04-04 11:17:55,940 - ERROR - Error al validar VJ102IMG.A2025093.0436.021.2025093105404.nc: [WinError 32] El proceso no tiene acceso al archivo porque está siendo utilizado por otro proceso: './00_data/raw/data_VJ/2025_093\\VJ102IMG.A2025093.0436.021.2025093105404.nc'
2025-04-04 11:17:55,956 - INFO - Descargando VJ102IMG.A2025093.0442.021.2025093105328.nc...
2025-04-04 11:18:02,933 - INFO - Archivo no válido: VJ102IMG.A2025093.0442.021.2025093105328.nc
2025-04-04 11:18:02,934 - ERROR - Error al validar VJ102IMG.A2025093.0442.021.2025093105328.nc: [WinError 32] El proceso no tiene acceso al archivo porque está siendo utilizado por otro proceso: './00_data/raw/data_VJ/2025_093\\VJ102IMG.A2025093.0442.021.2025093105328.nc'
2025-04-04 11:18:02,947 - INFO - Descargando VJ102IMG.A2025093.0448.021.2025093105326.nc...
2025-04-04 11:18:13,771 - INFO - Archivo no válido: VJ102IMG.A2025093.0448.021.2025093105326.nc
2025-04-04 11:18:13,772 - ERROR - Error al validar VJ102IMG.A2025093.0448.021.2025093105326.nc: [WinError 32] El proceso no tiene acceso al archivo porque está siendo utilizado por otro proceso: './00_data/raw/data_VJ/2025_093\\VJ102IMG.A2025093.0448.021.2025093105326.nc'
2025-04-04 11:18:13,785 - INFO - Descargando VJ102IMG.A2025093.0454.021.2025093105328.nc...
2025-04-04 11:18:22,662 - INFO - Archivo no válido: VJ102IMG.A2025093.0454.021.2025093105328.nc
2025-04-04 11:18:22,662 - ERROR - Error al validar VJ102IMG.A2025093.0454.021.2025093105328.nc: [WinError 32] El proceso no tiene acceso al archivo porque está siendo utilizado por otro proceso: './00_data/raw/data_VJ/2025_093\\VJ102IMG.A2025093.0454.021.2025093105328.nc'
2025-04-04 11:18:22,676 - INFO - Descargando VJ102IMG.A2025093.0500.021.2025093105330.nc...
2025-04-04 11:18:31,497 - INFO - Archivo no válido: VJ102IMG.A2025093.0500.021.2025093105330.nc
2025-04-04 11:18:31,498 - ERROR - Error al validar VJ102IMG.A2025093.0500.021.2025093105330.nc: [WinError 32] El proceso no tiene acceso al archivo porque está siendo utilizado por otro proceso: './00_data/raw/data_VJ/2025_093\\VJ102IMG.A2025093.0500.021.2025093105330.nc'
2025-04-04 11:18:31,509 - INFO - Descargando VJ102IMG.A2025093.0506.021.2025093105349.nc...
2025-04-04 11:18:39,789 - INFO - Archivo no válido: VJ102IMG.A2025093.0506.021.2025093105349.nc
2025-04-04 11:18:39,790 - ERROR - Error al validar VJ102IMG.A2025093.0506.021.2025093105349.nc: [WinError 32] El proceso no tiene acceso al archivo porque está siendo utilizado por otro proceso: './00_data/raw/data_VJ/2025_093\\VJ102IMG.A2025093.0506.021.2025093105349.nc'
2025-04-04 11:18:39,799 - INFO - Descargando VJ102IMG.A2025093.0512.021.2025093105341.nc...
2025-04-04 11:18:52,558 - INFO - Archivo no válido: VJ102IMG.A2025093.0512.021.2025093105341.nc
2025-04-04 11:18:52,559 - ERROR - Error al validar VJ102IMG.A2025093.0512.021.2025093105341.nc: [WinError 32] El proceso no tiene acceso al archivo porque está siendo utilizado por otro proceso: './00_data/raw/data_VJ/2025_093\\VJ102IMG.A2025093.0512.021.2025093105341.nc'
2025-04-04 11:18:52,570 - INFO - Descargando VJ102IMG.A2025093.0518.021.2025093105327.nc...
2025-04-04 11:18:58,917 - INFO - Archivo no válido: VJ102IMG.A2025093.0518.021.2025093105327.nc
2025-04-04 11:18:58,917 - ERROR - Error al validar VJ102IMG.A2025093.0518.021.2025093105327.nc: [WinError 32] El proceso no tiene acceso al archivo porque está siendo utilizado por otro proceso: './00_data/raw/data_VJ/2025_093\\VJ102IMG.A2025093.0518.021.2025093105327.nc'
2025-04-04 11:18:58,929 - INFO - Descargando VJ102IMG.A2025093.0524.021.2025093110153.nc...
2025-04-04 11:19:11,740 - INFO - Archivo no válido: VJ102IMG.A2025093.0524.021.2025093110153.nc
2025-04-04 11:19:11,740 - ERROR - Error al validar VJ102IMG.A2025093.0524.021.2025093110153.nc: [WinError 32] El proceso no tiene acceso al archivo porque está siendo utilizado por otro proceso: './00_data/raw/data_VJ/2025_093\\VJ102IMG.A2025093.0524.021.2025093110153.nc'
2025-04-04 11:19:11,756 - INFO - Descargando VJ102IMG.A2025093.0530.021.2025093105327.nc...
2025-04-04 11:19:33,114 - INFO - Archivo no válido: VJ102IMG.A2025093.0530.021.2025093105327.nc
2025-04-04 11:19:33,115 - ERROR - Error al validar VJ102IMG.A2025093.0530.021.2025093105327.nc: [WinError 32] El proceso no tiene acceso al archivo porque está siendo utilizado por otro proceso: './00_data/raw/data_VJ/2025_093\\VJ102IMG.A2025093.0530.021.2025093105327.nc'
2025-04-04 11:19:33,143 - INFO - Descargando VJ102IMG.A2025093.0536.021.2025093105331.nc...
2025-04-04 11:19:55,978 - INFO - Archivo no válido: VJ102IMG.A2025093.0536.021.2025093105331.nc
2025-04-04 11:19:55,978 - ERROR - Error al validar VJ102IMG.A2025093.0536.021.2025093105331.nc: [WinError 32] El proceso no tiene acceso al archivo porque está siendo utilizado por otro proceso: './00_data/raw/data_VJ/2025_093\\VJ102IMG.A2025093.0536.021.2025093105331.nc'
2025-04-04 11:19:56,006 - INFO - Descargando VJ102IMG.A2025093.0542.021.2025093105334.nc...
2025-04-04 11:20:38,499 - INFO - Archivo no válido: VJ102IMG.A2025093.0542.021.2025093105334.nc
2025-04-04 11:20:38,500 - ERROR - Error al validar VJ102IMG.A2025093.0542.021.2025093105334.nc: [WinError 32] El proceso no tiene acceso al archivo porque está siendo utilizado por otro proceso: './00_data/raw/data_VJ/2025_093\\VJ102IMG.A2025093.0542.021.2025093105334.nc'
2025-04-04 11:20:38,522 - INFO - Descargando VJ102IMG.A2025093.0548.021.2025093120124.nc...
2025-04-04 11:21:35,549 - INFO - Archivo no válido: VJ102IMG.A2025093.0548.021.2025093120124.nc
2025-04-04 11:21:35,550 - ERROR - Error al validar VJ102IMG.A2025093.0548.021.2025093120124.nc: [WinError 32] El proceso no tiene acceso al archivo porque está siendo utilizado por otro proceso: './00_data/raw/data_VJ/2025_093\\VJ102IMG.A2025093.0548.021.2025093120124.nc'
2025-04-04 11:21:35,578 - INFO - Descargando VJ102IMG.A2025093.0554.021.2025093123633.nc...
2025-04-04 11:21:58,245 - INFO - Archivo no válido: VJ102IMG.A2025093.0554.021.2025093123633.nc
2025-04-04 11:21:58,245 - ERROR - Error al validar VJ102IMG.A2025093.0554.021.2025093123633.nc: [WinError 32] El proceso no tiene acceso al archivo porque está siendo utilizado por otro proceso: './00_data/raw/data_VJ/2025_093\\VJ102IMG.A2025093.0554.021.2025093123633.nc'
2025-04-04 11:21:58,280 - INFO - Descargando VJ102IMG.A2025093.0600.021.2025093123630.nc...
2025-04-04 11:22:20,108 - INFO - Archivo no válido: VJ102IMG.A2025093.0600.021.2025093123630.nc
2025-04-04 11:22:20,109 - ERROR - Error al validar VJ102IMG.A2025093.0600.021.2025093123630.nc: [WinError 32] El proceso no tiene acceso al archivo porque está siendo utilizado por otro proceso: './00_data/raw/data_VJ/2025_093\\VJ102IMG.A2025093.0600.021.2025093123630.nc'
2025-04-04 11:22:20,139 - INFO - Descargando VJ102IMG.A2025093.0606.021.2025093123637.nc...
2025-04-04 11:22:52,092 - INFO - Archivo no válido: VJ102IMG.A2025093.0606.021.2025093123637.nc
2025-04-04 11:22:52,092 - ERROR - Error al validar VJ102IMG.A2025093.0606.021.2025093123637.nc: [WinError 32] El proceso no tiene acceso al archivo porque está siendo utilizado por otro proceso: './00_data/raw/data_VJ/2025_093\\VJ102IMG.A2025093.0606.021.2025093123637.nc'
2025-04-04 11:22:52,118 - INFO - Descargando VJ102IMG.A2025093.0612.021.2025093123647.nc...
2025-04-04 11:23:30,876 - INFO - Archivo no válido: VJ102IMG.A2025093.0612.021.2025093123647.nc
2025-04-04 11:23:30,877 - ERROR - Error al validar VJ102IMG.A2025093.0612.021.2025093123647.nc: [WinError 32] El proceso no tiene acceso al archivo porque está siendo utilizado por otro proceso: './00_data/raw/data_VJ/2025_093\\VJ102IMG.A2025093.0612.021.2025093123647.nc'
2025-04-04 11:23:30,955 - INFO - Descargando VJ102IMG.A2025093.0618.021.2025093123636.nc...
2025-04-04 11:23:47,109 - INFO - Archivo no válido: VJ102IMG.A2025093.0618.021.2025093123636.nc
2025-04-04 11:23:47,109 - ERROR - Error al validar VJ102IMG.A2025093.0618.021.2025093123636.nc: [WinError 32] El proceso no tiene acceso al archivo porque está siendo utilizado por otro proceso: './00_data/raw/data_VJ/2025_093\\VJ102IMG.A2025093.0618.021.2025093123636.nc'
2025-04-04 11:23:47,130 - INFO - Descargando VJ102IMG.A2025093.0624.021.2025093123639.nc...
2025-04-04 11:23:58,732 - INFO - Archivo no válido: VJ102IMG.A2025093.0624.021.2025093123639.nc
2025-04-04 11:23:58,732 - ERROR - Error al validar VJ102IMG.A2025093.0624.021.2025093123639.nc: [WinError 32] El proceso no tiene acceso al archivo porque está siendo utilizado por otro proceso: './00_data/raw/data_VJ/2025_093\\VJ102IMG.A2025093.0624.021.2025093123639.nc'
2025-04-04 11:23:58,745 - INFO - Descargando VJ102IMG.A2025093.0630.021.2025093123644.nc...
2025-04-04 11:24:21,007 - INFO - Archivo no válido: VJ102IMG.A2025093.0630.021.2025093123644.nc
2025-04-04 11:24:21,007 - ERROR - Error al validar VJ102IMG.A2025093.0630.021.2025093123644.nc: [WinError 32] El proceso no tiene acceso al archivo porque está siendo utilizado por otro proceso: './00_data/raw/data_VJ/2025_093\\VJ102IMG.A2025093.0630.021.2025093123644.nc'
2025-04-04 11:24:21,023 - INFO - Descargando VJ102IMG.A2025093.0636.021.2025093123641.nc...
2025-04-04 11:24:33,169 - INFO - Archivo no válido: VJ102IMG.A2025093.0636.021.2025093123641.nc
2025-04-04 11:24:33,170 - ERROR - Error al validar VJ102IMG.A2025093.0636.021.2025093123641.nc: [WinError 32] El proceso no tiene acceso al archivo porque está siendo utilizado por otro proceso: './00_data/raw/data_VJ/2025_093\\VJ102IMG.A2025093.0636.021.2025093123641.nc'
2025-04-04 11:24:33,217 - INFO - Descargando VJ102IMG.A2025093.0642.021.2025093123624.nc...
2025-04-04 11:24:45,967 - INFO - Archivo no válido: VJ102IMG.A2025093.0642.021.2025093123624.nc
2025-04-04 11:24:45,967 - ERROR - Error al validar VJ102IMG.A2025093.0642.021.2025093123624.nc: [WinError 32] El proceso no tiene acceso al archivo porque está siendo utilizado por otro proceso: './00_data/raw/data_VJ/2025_093\\VJ102IMG.A2025093.0642.021.2025093123624.nc'
2025-04-04 11:24:45,981 - INFO - Descargando VJ102IMG.A2025093.0648.021.2025093123630.nc...
2025-04-04 11:24:47,295 - ERROR - Error al descargar VJ102IMG.A2025093.0648.021.2025093123630.nc: 502
2025-04-04 11:24:47,296 - INFO - Descargando VJ102IMG.A2025093.0654.021.2025093123629.nc...
2025-04-04 11:24:58,019 - INFO - Archivo no válido: VJ102IMG.A2025093.0654.021.2025093123629.nc
2025-04-04 11:24:58,020 - ERROR - Error al validar VJ102IMG.A2025093.0654.021.2025093123629.nc: [WinError 32] El proceso no tiene acceso al archivo porque está siendo utilizado por otro proceso: './00_data/raw/data_VJ/2025_093\\VJ102IMG.A2025093.0654.021.2025093123629.nc'
2025-04-04 11:24:58,030 - INFO - Descargando VJ102IMG.A2025093.0700.021.2025093123615.nc...
2025-04-04 11:25:11,244 - INFO - Archivo no válido: VJ102IMG.A2025093.0700.021.2025093123615.nc
2025-04-04 11:25:11,245 - ERROR - Error al validar VJ102IMG.A2025093.0700.021.2025093123615.nc: [WinError 32] El proceso no tiene acceso al archivo porque está siendo utilizado por otro proceso: './00_data/raw/data_VJ/2025_093\\VJ102IMG.A2025093.0700.021.2025093123615.nc'
2025-04-04 11:25:11,259 - INFO - Descargando VJ102IMG.A2025093.0706.021.2025093123617.nc...
2025-04-04 11:25:21,442 - INFO - Archivo no válido: VJ102IMG.A2025093.0706.021.2025093123617.nc
2025-04-04 11:25:21,443 - ERROR - Error al validar VJ102IMG.A2025093.0706.021.2025093123617.nc: [WinError 32] El proceso no tiene acceso al archivo porque está siendo utilizado por otro proceso: './00_data/raw/data_VJ/2025_093\\VJ102IMG.A2025093.0706.021.2025093123617.nc'
2025-04-04 11:25:21,461 - INFO - Descargando VJ102IMG.A2025093.0712.021.2025093123627.nc...
2025-04-04 11:25:36,284 - INFO - Archivo no válido: VJ102IMG.A2025093.0712.021.2025093123627.nc
2025-04-04 11:25:36,285 - ERROR - Error al validar VJ102IMG.A2025093.0712.021.2025093123627.nc: [WinError 32] El proceso no tiene acceso al archivo porque está siendo utilizado por otro proceso: './00_data/raw/data_VJ/2025_093\\VJ102IMG.A2025093.0712.021.2025093123627.nc'
2025-04-04 11:25:36,316 - INFO - Descargando VJ102IMG.A2025093.0718.021.2025093123622.nc...
2025-04-04 11:26:00,642 - INFO - Archivo no válido: VJ102IMG.A2025093.0718.021.2025093123622.nc
2025-04-04 11:26:00,643 - ERROR - Error al validar VJ102IMG.A2025093.0718.021.2025093123622.nc: [WinError 32] El proceso no tiene acceso al archivo porque está siendo utilizado por otro proceso: './00_data/raw/data_VJ/2025_093\\VJ102IMG.A2025093.0718.021.2025093123622.nc'
2025-04-04 11:26:00,678 - INFO - Descargando VJ102IMG.A2025093.0724.021.2025093123619.nc...
2025-04-04 11:26:35,598 - INFO - Archivo no válido: VJ102IMG.A2025093.0724.021.2025093123619.nc
2025-04-04 11:26:35,599 - ERROR - Error al validar VJ102IMG.A2025093.0724.021.2025093123619.nc: [WinError 32] El proceso no tiene acceso al archivo porque está siendo utilizado por otro proceso: './00_data/raw/data_VJ/2025_093\\VJ102IMG.A2025093.0724.021.2025093123619.nc'
2025-04-04 11:26:35,620 - INFO - Descargando VJ102IMG.A2025093.0730.021.2025093123633.nc...
2025-04-04 11:26:58,984 - INFO - Archivo no válido: VJ102IMG.A2025093.0730.021.2025093123633.nc
2025-04-04 11:26:58,984 - ERROR - Error al validar VJ102IMG.A2025093.0730.021.2025093123633.nc: [WinError 32] El proceso no tiene acceso al archivo porque está siendo utilizado por otro proceso: './00_data/raw/data_VJ/2025_093\\VJ102IMG.A2025093.0730.021.2025093123633.nc'
2025-04-04 11:26:59,017 - INFO - Descargando VJ102IMG.A2025093.0736.021.2025093123630.nc...
2025-04-04 11:27:33,206 - INFO - Archivo no válido: VJ102IMG.A2025093.0736.021.2025093123630.nc
2025-04-04 11:27:33,207 - ERROR - Error al validar VJ102IMG.A2025093.0736.021.2025093123630.nc: [WinError 32] El proceso no tiene acceso al archivo porque está siendo utilizado por otro proceso: './00_data/raw/data_VJ/2025_093\\VJ102IMG.A2025093.0736.021.2025093123630.nc'
2025-04-04 11:27:33,260 - INFO - Descargando VJ102IMG.A2025093.0742.021.2025093123630.nc...
2025-04-04 11:28:00,621 - INFO - Archivo no válido: VJ102IMG.A2025093.0742.021.2025093123630.nc
2025-04-04 11:28:00,622 - ERROR - Error al validar VJ102IMG.A2025093.0742.021.2025093123630.nc: [WinError 32] El proceso no tiene acceso al archivo porque está siendo utilizado por otro proceso: './00_data/raw/data_VJ/2025_093\\VJ102IMG.A2025093.0742.021.2025093123630.nc'
2025-04-04 11:28:00,657 - INFO - Descargando VJ102IMG.A2025093.0748.021.2025093144011.nc...
2025-04-04 12:16:40,196 - INFO - === Inicio del proceso ===
2025-04-04 12:16:40,198 - INFO - Procesando datos para 2025-04-03
2025-04-04 12:16:40,549 - ERROR - Error al crear depósito: 403 - {"status": 403, "message": "Permission denied."}
2025-04-04 12:16:40,550 - ERROR - No se pudo crear el depósito en Zenodo. Abortando...
2025-04-04 12:16:50,905 - INFO - === Inicio del proceso ===
2025-04-04 12:16:50,907 - INFO - Procesando datos para 2025-04-03
2025-04-04 12:16:51,165 - ERROR - Error al crear depósito: 403 - {"status": 403, "message": "Permission denied."}
2025-04-04 12:16:51,166 - ERROR - No se pudo crear el depósito en Zenodo. Abortando...
2025-04-04 12:19:11,748 - INFO - === Inicio del proceso ===
2025-04-04 12:19:11,749 - INFO - Procesando datos para 2025-04-03
2025-04-04 12:19:12,106 - ERROR - Error al crear depósito: 403 - {"status": 403, "message": "Permission denied."}
2025-04-04 12:19:12,108 - ERROR - No se pudo crear el depósito en Zenodo. Abortando...
2025-04-04 12:19:42,355 - INFO - === Inicio del proceso ===
2025-04-04 12:19:42,356 - INFO - Procesando datos para 2025-04-03
2025-04-04 12:19:42,693 - ERROR - Error al crear depósito: 403 - {"status": 403, "message": "Permission denied."}
2025-04-04 12:19:42,693 - ERROR - No se pudo crear el depósito en Zenodo. Abortando...
2025-04-04 12:20:31,709 - INFO - === Inicio del proceso ===
2025-04-04 12:20:31,711 - INFO - Procesando datos para 2025-04-03
2025-04-04 12:20:32,108 - ERROR - Error al crear depósito: 403 - {"status": 403, "message": "Permission denied."}
2025-04-04 12:20:32,110 - ERROR - No se pudo crear el depósito en Zenodo. Abortando...
2025-04-04 12:21:07,450 - INFO - === Inicio del proceso ===
2025-04-04 12:21:07,451 - INFO - Procesando datos para 2025-04-03
2025-04-04 12:21:07,710 - ERROR - Error al crear depósito: 403 - {"status": 403, "message": "Permission denied."}
2025-04-04 12:21:07,711 - ERROR - No se pudo crear el depósito en Zenodo. Abortando...
2025-04-04 12:22:51,728 - INFO - === Inicio del proceso ===
2025-04-04 12:22:51,730 - INFO - Procesando datos para 2025-04-03
2025-04-04 12:22:52,106 - ERROR - Error al crear depósito: 403 - {"status": 403, "message": "Permission denied."}
2025-04-04 12:22:52,107 - ERROR - No se pudo crear el depósito en Zenodo. Abortando...
2025-04-04 12:23:29,279 - INFO - === Inicio del proceso ===
2025-04-04 12:23:29,281 - INFO - Procesando datos para 2025-04-03
2025-04-04 12:23:29,669 - ERROR - Error al crear depósito: 403 - {"status": 403, "message": "Permission denied."}
2025-04-04 12:23:29,671 - ERROR - No se pudo crear el depósito en Zenodo. Abortando...
2025-04-04 12:26:51,461 - INFO - === Inicio del proceso ===
2025-04-04 12:26:51,463 - INFO - Procesando datos para 2025-04-03
2025-04-04 12:26:51,832 - ERROR - Error al crear depósito: 403 - {"status": 403, "message": "Permission denied."}
2025-04-04 12:26:51,833 - ERROR - No se pudo crear el depósito en Zenodo. Abortando...
2025-04-04 12:30:21,876 - INFO - === Inicio del proceso ===
2025-04-04 12:30:21,877 - INFO - Procesando datos para 2025-04-03
2025-04-04 12:30:22,218 - ERROR - Error al crear depósito: 403 - {"status": 403, "message": "Permission denied."}
2025-04-04 12:30:22,219 - ERROR - No se pudo crear el depósito en Zenodo. Abortando...
2025-04-04 12:35:07,859 - INFO - === Inicio del proceso ===
2025-04-04 12:35:07,860 - INFO - Procesando datos para 2025-04-03
2025-04-04 12:35:08,318 - ERROR - Error al crear depósito: 403 - {"status": 403, "message": "Permission denied."}
2025-04-04 12:35:08,320 - ERROR - No se pudo crear el depósito en Zenodo. Abortando...
2025-04-04 12:40:21,432 - INFO - === Inicio del proceso ===
2025-04-04 12:40:21,434 - INFO - Procesando datos para 2025-04-03
2025-04-04 12:40:27,394 - ERROR - Error inesperado al crear depósito: HTTPSConnectionPool(host='zenodo.org', port=443): Max retries exceeded with url: /api/deposit/depositions (Caused by SSLError(SSLCertVerificationError(1, "[SSL: CERTIFICATE_VERIFY_FAILED] certificate verify failed: Hostname mismatch, certificate is not valid for 'zenodo.org'. (_ssl.c:1000)")))
2025-04-04 12:40:27,395 - ERROR - No se pudo crear el depósito en Zenodo. Abortando...
2025-04-04 12:41:10,738 - INFO - === Inicio del proceso ===
2025-04-04 12:41:10,739 - INFO - Procesando datos para 2025-04-03
2025-04-04 12:41:11,280 - INFO - Depósito creado exitosamente. ID: 15148141
2025-04-04 12:41:11,281 - INFO - Procesando productos VJ...
2025-04-04 12:41:11,283 - INFO - Procesando producto: VJ102IMG
2025-04-04 12:41:13,256 - INFO - Descargandoo VJ102IMG.A2025093.0000.021.2025093163333.nc...
2025-04-04 12:41:19,966 - INFO - Archivo no válido: VJ102IMG.A2025093.0000.021.2025093163333.nc
2025-04-04 12:41:19,967 - ERROR - Error al validar VJ102IMG.A2025093.0000.021.2025093163333.nc: [WinError 32] El proceso no tiene acceso al archivo porque está siendo utilizado por otro proceso: './00_data/raw/data_VJ/2025_093\\VJ102IMG.A2025093.0000.021.2025093163333.nc'
2025-04-04 12:41:19,980 - INFO - Descargandoo VJ102IMG.A2025093.0006.021.2025093070024.nc...
2025-04-04 12:41:26,416 - INFO - Archivo no válido: VJ102IMG.A2025093.0006.021.2025093070024.nc
2025-04-04 12:41:26,417 - ERROR - Error al validar VJ102IMG.A2025093.0006.021.2025093070024.nc: [WinError 32] El proceso no tiene acceso al archivo porque está siendo utilizado por otro proceso: './00_data/raw/data_VJ/2025_093\\VJ102IMG.A2025093.0006.021.2025093070024.nc'
2025-04-04 12:41:26,429 - INFO - Descargandoo VJ102IMG.A2025093.0012.021.2025093070018.nc...
2025-04-04 12:41:34,137 - INFO - Archivo no válido: VJ102IMG.A2025093.0012.021.2025093070018.nc
2025-04-04 12:41:34,137 - ERROR - Error al validar VJ102IMG.A2025093.0012.021.2025093070018.nc: [WinError 32] El proceso no tiene acceso al archivo porque está siendo utilizado por otro proceso: './00_data/raw/data_VJ/2025_093\\VJ102IMG.A2025093.0012.021.2025093070018.nc'
2025-04-04 12:41:34,154 - INFO - Descargandoo VJ102IMG.A2025093.0018.021.2025093070021.nc...
2025-04-04 12:41:41,122 - INFO - Archivo no válido: VJ102IMG.A2025093.0018.021.2025093070021.nc
2025-04-04 12:41:41,123 - ERROR - Error al validar VJ102IMG.A2025093.0018.021.2025093070021.nc: [WinError 32] El proceso no tiene acceso al archivo porque está siendo utilizado por otro proceso: './00_data/raw/data_VJ/2025_093\\VJ102IMG.A2025093.0018.021.2025093070021.nc'
2025-04-04 12:41:41,139 - INFO - Descargandoo VJ102IMG.A2025093.0024.021.2025093070016.nc...
2025-04-04 12:41:59,058 - INFO - Archivo no válido: VJ102IMG.A2025093.0024.021.2025093070016.nc
2025-04-04 12:41:59,059 - ERROR - Error al validar VJ102IMG.A2025093.0024.021.2025093070016.nc: [WinError 32] El proceso no tiene acceso al archivo porque está siendo utilizado por otro proceso: './00_data/raw/data_VJ/2025_093\\VJ102IMG.A2025093.0024.021.2025093070016.nc'
2025-04-04 12:41:59,086 - INFO - Descargandoo VJ102IMG.A2025093.0030.021.2025093070019.nc...
2025-04-04 12:42:19,437 - INFO - Archivo no válido: VJ102IMG.A2025093.0030.021.2025093070019.nc
2025-04-04 12:42:19,437 - ERROR - Error al validar VJ102IMG.A2025093.0030.021.2025093070019.nc: [WinError 32] El proceso no tiene acceso al archivo porque está siendo utilizado por otro proceso: './00_data/raw/data_VJ/2025_093\\VJ102IMG.A2025093.0030.021.2025093070019.nc'
2025-04-04 12:42:19,465 - INFO - Descargandoo VJ102IMG.A2025093.0036.021.2025093065051.nc...
2025-04-04 12:42:42,955 - INFO - Archivo no válido: VJ102IMG.A2025093.0036.021.2025093065051.nc
2025-04-04 12:42:42,956 - ERROR - Error al validar VJ102IMG.A2025093.0036.021.2025093065051.nc: [WinError 32] El proceso no tiene acceso al archivo porque está siendo utilizado por otro proceso: './00_data/raw/data_VJ/2025_093\\VJ102IMG.A2025093.0036.021.2025093065051.nc'
2025-04-04 12:42:42,985 - INFO - Descargandoo VJ102IMG.A2025093.0042.021.2025093065112.nc...
2025-04-04 12:43:32,247 - INFO - Archivo no válido: VJ102IMG.A2025093.0042.021.2025093065112.nc
2025-04-04 12:43:32,249 - ERROR - Error al validar VJ102IMG.A2025093.0042.021.2025093065112.nc: [WinError 32] El proceso no tiene acceso al archivo porque está siendo utilizado por otro proceso: './00_data/raw/data_VJ/2025_093\\VJ102IMG.A2025093.0042.021.2025093065112.nc'
2025-04-04 12:43:32,320 - INFO - Descargandoo VJ102IMG.A2025093.0048.021.2025093065053.nc...
2025-04-04 12:43:42,736 - INFO - === Inicio del proceso ===
2025-04-04 12:43:42,737 - INFO - Procesando datos para 2025-04-03
2025-04-04 12:43:43,582 - INFO - Depósito creado exitosamente. ID: 15148201
2025-04-04 12:43:43,582 - INFO - Procesando productos VJ...
2025-04-04 12:43:43,583 - INFO - Procesando producto: VJ102IMG
2025-04-04 12:43:45,627 - INFO - Descargandoo VJ102IMG.A2025093.0000.021.2025093163333.nc...
2025-04-04 12:43:52,378 - INFO - Archivo no válido: VJ102IMG.A2025093.0000.021.2025093163333.nc
2025-04-04 12:43:52,379 - ERROR - Error al validar VJ102IMG.A2025093.0000.021.2025093163333.nc: [WinError 32] El proceso no tiene acceso al archivo porque está siendo utilizado por otro proceso: './00_data/raw/data_VJ/2025_093\\VJ102IMG.A2025093.0000.021.2025093163333.nc'
2025-04-04 12:43:52,391 - INFO - Descargandoo VJ102IMG.A2025093.0006.021.2025093070024.nc...
2025-04-04 12:44:02,539 - INFO - Archivo no válido: VJ102IMG.A2025093.0006.021.2025093070024.nc
2025-04-04 12:44:02,540 - ERROR - Error al validar VJ102IMG.A2025093.0006.021.2025093070024.nc: [WinError 32] El proceso no tiene acceso al archivo porque está siendo utilizado por otro proceso: './00_data/raw/data_VJ/2025_093\\VJ102IMG.A2025093.0006.021.2025093070024.nc'
2025-04-04 12:44:02,554 - INFO - Descargandoo VJ102IMG.A2025093.0012.021.2025093070018.nc...
2025-04-04 12:44:09,005 - INFO - Archivo no válido: VJ102IMG.A2025093.0012.021.2025093070018.nc
2025-04-04 12:44:09,005 - ERROR - Error al validar VJ102IMG.A2025093.0012.021.2025093070018.nc: [WinError 32] El proceso no tiene acceso al archivo porque está siendo utilizado por otro proceso: './00_data/raw/data_VJ/2025_093\\VJ102IMG.A2025093.0012.021.2025093070018.nc'
2025-04-04 12:44:09,019 - INFO - Descargandoo VJ102IMG.A2025093.0018.021.2025093070021.nc...
2025-04-04 12:44:16,418 - INFO - Archivo no válido: VJ102IMG.A2025093.0018.021.2025093070021.nc
2025-04-04 12:44:16,418 - ERROR - Error al validar VJ102IMG.A2025093.0018.021.2025093070021.nc: [WinError 32] El proceso no tiene acceso al archivo porque está siendo utilizado por otro proceso: './00_data/raw/data_VJ/2025_093\\VJ102IMG.A2025093.0018.021.2025093070021.nc'
2025-04-04 12:44:16,431 - INFO - Descargandoo VJ102IMG.A2025093.0024.021.2025093070016.nc...
2025-04-04 12:44:34,879 - INFO - Archivo no válido: VJ102IMG.A2025093.0024.021.2025093070016.nc
2025-04-04 12:44:34,880 - ERROR - Error al validar VJ102IMG.A2025093.0024.021.2025093070016.nc: [WinError 32] El proceso no tiene acceso al archivo porque está siendo utilizado por otro proceso: './00_data/raw/data_VJ/2025_093\\VJ102IMG.A2025093.0024.021.2025093070016.nc'
2025-04-04 12:44:34,906 - INFO - Descargandoo VJ102IMG.A2025093.0030.021.2025093070019.nc...
2025-04-04 12:44:55,822 - INFO - Archivo no válido: VJ102IMG.A2025093.0030.021.2025093070019.nc
2025-04-04 12:44:55,823 - ERROR - Error al validar VJ102IMG.A2025093.0030.021.2025093070019.nc: [WinError 32] El proceso no tiene acceso al archivo porque está siendo utilizado por otro proceso: './00_data/raw/data_VJ/2025_093\\VJ102IMG.A2025093.0030.021.2025093070019.nc'
2025-04-04 12:44:55,848 - INFO - Descargandoo VJ102IMG.A2025093.0036.021.2025093065051.nc...
2025-04-04 12:45:20,119 - INFO - Archivo no válido: VJ102IMG.A2025093.0036.021.2025093065051.nc
2025-04-04 12:45:20,120 - ERROR - Error al validar VJ102IMG.A2025093.0036.021.2025093065051.nc: [WinError 32] El proceso no tiene acceso al archivo porque está siendo utilizado por otro proceso: './00_data/raw/data_VJ/2025_093\\VJ102IMG.A2025093.0036.021.2025093065051.nc'
2025-04-04 12:45:20,148 - INFO - Descargandoo VJ102IMG.A2025093.0042.021.2025093065112.nc...
2025-04-04 12:46:19,373 - INFO - Archivo no válido: VJ102IMG.A2025093.0042.021.2025093065112.nc
2025-04-04 12:46:19,374 - ERROR - Error al validar VJ102IMG.A2025093.0042.021.2025093065112.nc: [WinError 32] El proceso no tiene acceso al archivo porque está siendo utilizado por otro proceso: './00_data/raw/data_VJ/2025_093\\VJ102IMG.A2025093.0042.021.2025093065112.nc'
2025-04-04 12:46:19,398 - INFO - Descargandoo VJ102IMG.A2025093.0048.021.2025093065053.nc...
2025-04-04 12:46:33,563 - INFO - === Inicio del proceso ===
2025-04-04 12:46:33,563 - INFO - Procesando datos para 2025-04-03
2025-04-04 12:46:34,092 - INFO - Depósito creado exitosamente. ID: 15148230
2025-04-04 12:46:34,093 - INFO - Procesando productos VJ...
2025-04-04 12:46:34,095 - INFO - Procesando producto: VJ102IMG
2025-04-04 12:46:36,154 - INFO - Descargandoo VJ102IMG.A2025093.0000.021.2025093163333.nc...
2025-04-04 12:46:42,928 - INFO - Archivo no válido: VJ102IMG.A2025093.0000.021.2025093163333.nc
2025-04-04 12:46:42,928 - ERROR - Error al validar VJ102IMG.A2025093.0000.021.2025093163333.nc: [WinError 32] El proceso no tiene acceso al archivo porque está siendo utilizado por otro proceso: './00_data/raw/data_VJ/2025_093\\VJ102IMG.A2025093.0000.021.2025093163333.nc'
2025-04-04 12:46:42,945 - INFO - Descargandoo VJ102IMG.A2025093.0006.021.2025093070024.nc...
2025-04-04 12:59:05,005 - INFO - === Inicio del proceso ===
2025-04-04 12:59:05,008 - INFO - Procesando datos para 2025-04-03
2025-04-04 12:59:05,798 - INFO - Depósito creado exitosamente. ID: 15148318
2025-04-04 12:59:05,798 - INFO - Procesando productos VJ...
2025-04-04 12:59:05,800 - INFO - Procesando producto: VJ102IMG
2025-04-04 12:59:08,002 - INFO - Descargandoo VJ102IMG.A2025093.0000.021.2025093163333.nc...
2025-04-04 13:08:55,544 - INFO - === INICIO DEL PROCESO ===
2025-04-04 13:08:56,072 - INFO - Conexión a internet verificada
2025-04-04 13:08:59,668 - ERROR - Error de conexión con Zenodo: 403
2025-04-04 13:08:59,671 - ERROR - No se pudo verificar las conexiones necesarias. Abortando...
